2026-04-13 21:30:59: ▲ Next.js 16.1.1
2026-04-13 21:30:59: - Local:         http://localhost:3000
2026-04-13 21:30:59: - Network:       http://0.0.0.0:3000
2026-04-13 21:30:59: 
2026-04-13 21:30:59: ✓ Starting...
2026-04-13 21:30:59: ✓ Ready in 69ms
2026-04-13 21:39:44: ▲ Next.js 16.1.1
2026-04-13 21:39:44: - Local:         http://localhost:3000
2026-04-13 21:39:44: - Network:       http://0.0.0.0:3000
2026-04-13 21:39:44: 
2026-04-13 21:39:44: ✓ Starting...
2026-04-13 21:39:44: ✓ Ready in 43ms
2026-04-13 22:35:53: ▲ Next.js 16.1.1
2026-04-13 22:35:53: - Local:         http://localhost:3000
2026-04-13 22:35:53: - Network:       http://0.0.0.0:3000
2026-04-13 22:35:53: 
2026-04-13 22:35:53: ✓ Starting...
2026-04-13 22:35:53: ✓ Ready in 42ms
2026-04-13 22:40:16: ▲ Next.js 16.1.1
2026-04-13 22:40:16: - Local:         http://localhost:3000
2026-04-13 22:40:16: - Network:       http://0.0.0.0:3000
2026-04-13 22:40:16: 
2026-04-13 22:40:16: ✓ Starting...
2026-04-13 22:40:16: ✓ Ready in 38ms
2026-04-13 22:45:52: ▲ Next.js 16.1.1
2026-04-13 22:45:52: - Local:         http://localhost:3000
2026-04-13 22:45:52: - Network:       http://0.0.0.0:3000
2026-04-13 22:45:52: 
2026-04-13 22:45:52: ✓ Starting...
2026-04-13 22:45:52: ✓ Ready in 47ms
2026-04-13 22:49:27: ▲ Next.js 16.1.1
2026-04-13 22:49:27: - Local:         http://localhost:3000
2026-04-13 22:49:27: - Network:       http://0.0.0.0:3000
2026-04-13 22:49:27: 
2026-04-13 22:49:27: ✓ Starting...
2026-04-13 22:49:27: ✓ Ready in 76ms
2026-04-13 22:51:05: ▲ Next.js 16.1.1
2026-04-13 22:51:05: - Local:         http://localhost:3000
2026-04-13 22:51:05: - Network:       http://0.0.0.0:3000
2026-04-13 22:51:05: 
2026-04-13 22:51:05: ✓ Starting...
2026-04-13 22:51:05: ✓ Ready in 49ms
2026-04-14 11:58:14: ▲ Next.js 16.1.1
2026-04-14 11:58:14: - Local:         http://localhost:3000
2026-04-14 11:58:14: - Network:       http://0.0.0.0:3000
2026-04-14 11:58:14: 
2026-04-14 11:58:14: ✓ Starting...
2026-04-14 11:58:14: ✓ Ready in 67ms
2026-04-14 11:58:23: ▲ Next.js 16.1.1
2026-04-14 11:58:23: - Local:         http://localhost:3000
2026-04-14 11:58:23: - Network:       http://0.0.0.0:3000
2026-04-14 11:58:23: 
2026-04-14 11:58:23: ✓ Starting...
2026-04-14 11:58:23: ✓ Ready in 44ms
2026-04-14 17:03:19: ▲ Next.js 16.1.1
2026-04-14 17:03:19: - Local:         http://localhost:3000
2026-04-14 17:03:19: - Network:       http://0.0.0.0:3000
2026-04-14 17:03:19: 
2026-04-14 17:03:19: ✓ Starting...
2026-04-14 17:03:19: ✓ Ready in 80ms
2026-04-14 21:06:59: ▲ Next.js 16.1.1
2026-04-14 21:06:59: - Local:         http://localhost:3000
2026-04-14 21:06:59: - Network:       http://0.0.0.0:3000
2026-04-14 21:06:59: 
2026-04-14 21:06:59: ✓ Starting...
2026-04-14 21:06:59: ✓ Ready in 111ms
2026-04-15 10:49:17: ▲ Next.js 16.1.1
2026-04-15 10:49:17: - Local:         http://localhost:3000
2026-04-15 10:49:17: - Network:       http://0.0.0.0:3000
2026-04-15 10:49:17: 
2026-04-15 10:49:17: ✓ Starting...
2026-04-15 10:49:17: ✓ Ready in 82ms
2026-04-16 08:42:05: ▲ Next.js 16.1.1
2026-04-16 08:42:05: - Local:         http://localhost:3000
2026-04-16 08:42:05: - Network:       http://0.0.0.0:3000
2026-04-16 08:42:05: 
2026-04-16 08:42:05: ✓ Starting...
2026-04-16 08:42:05: ✓ Ready in 118ms
2026-04-16 12:24:29: ▲ Next.js 16.1.1
2026-04-16 12:24:29: - Local:         http://localhost:3000
2026-04-16 12:24:29: - Network:       http://0.0.0.0:3000
2026-04-16 12:24:29: 
2026-04-16 12:24:29: ✓ Starting...
2026-04-16 12:24:29: ✓ Ready in 200ms
